(48907, 1)
(48907, 5000) (48907,)
Defining a RNN Model...
Data Shape (24459, 5000)
Creating model...
Using TensorFlow backend.
WARNING:tensorflow:From /home/grupopln/.local/lib/python3.6/site-packages/keras/backend/tensorflow_backend.py:1247: calling reduce_sum (from tensorflow.python.ops.math_ops) with keep_dims is deprecated and will be removed in a future version.
Instructions for updating:
keep_dims is deprecated, use keepdims instead
WARNING:tensorflow:From /home/grupopln/.local/lib/python3.6/site-packages/keras/backend/tensorflow_backend.py:1349: calling reduce_mean (from tensorflow.python.ops.math_ops) with keep_dims is deprecated and will be removed in a future version.
Instructions for updating:
keep_dims is deprecated, use keepdims instead
2018-02-07 13:16:00.645177: I tensorflow/core/platform/cpu_feature_guard.cc:137] Your CPU supports instructions that this TensorFlow binary was not compiled to use: SSE4.1 SSE4.2 AVX AVX2 FMA
Epoch 1/20
 - 2488s - loss: 2.6705 - mean_absolute_error: 2.6705
Epoch 2/20
 - 2477s - loss: 2.4462 - mean_absolute_error: 2.4462
Epoch 3/20
 - 2478s - loss: 2.4145 - mean_absolute_error: 2.4145
Epoch 4/20
 - 2474s - loss: 2.4143 - mean_absolute_error: 2.4143
Epoch 5/20
 - 2475s - loss: 2.4068 - mean_absolute_error: 2.4068
Epoch 6/20
 - 2475s - loss: 2.4112 - mean_absolute_error: 2.4112
Epoch 7/20
 - 2476s - loss: 2.4099 - mean_absolute_error: 2.4099
Epoch 8/20
 - 2478s - loss: 2.4095 - mean_absolute_error: 2.4095
Epoch 9/20
 - 2481s - loss: 2.4071 - mean_absolute_error: 2.4071
Epoch 10/20
 - 2479s - loss: 2.4097 - mean_absolute_error: 2.4097
Epoch 11/20
 - 2481s - loss: 2.4052 - mean_absolute_error: 2.4052
Epoch 12/20
 - 2475s - loss: 2.4051 - mean_absolute_error: 2.4051
Epoch 13/20
 - 2481s - loss: 2.4096 - mean_absolute_error: 2.4096
Epoch 14/20
 - 2479s - loss: 2.4067 - mean_absolute_error: 2.4067
Epoch 15/20
 - 2477s - loss: 2.4073 - mean_absolute_error: 2.4073
Epoch 16/20
 - 2471s - loss: 2.4053 - mean_absolute_error: 2.4053
Epoch 17/20
 - 2476s - loss: 2.4066 - mean_absolute_error: 2.4066
Epoch 18/20
 - 2483s - loss: 2.4031 - mean_absolute_error: 2.4031
Epoch 19/20
 - 2479s - loss: 2.4045 - mean_absolute_error: 2.4045
Epoch 20/20
 - 2482s - loss: 2.4087 - mean_absolute_error: 2.4087
mean_absolute_error 2.4220528369256735
Creating model...
Epoch 1/20
 - 2481s - loss: 2.6661 - mean_absolute_error: 2.6661
Epoch 2/20
 - 2477s - loss: 2.4456 - mean_absolute_error: 2.4456
Epoch 3/20
 - 2484s - loss: 2.4097 - mean_absolute_error: 2.4097
Epoch 4/20
 - 2480s - loss: 2.4137 - mean_absolute_error: 2.4137
Epoch 5/20
 - 2480s - loss: 2.4101 - mean_absolute_error: 2.4101
Epoch 6/20
 - 2475s - loss: 2.4123 - mean_absolute_error: 2.4123
Epoch 7/20
 - 2480s - loss: 2.4105 - mean_absolute_error: 2.4105
Epoch 8/20
 - 2484s - loss: 2.4134 - mean_absolute_error: 2.4134
Epoch 9/20
 - 2478s - loss: 2.4108 - mean_absolute_error: 2.4108
Epoch 10/20
 - 2481s - loss: 2.4081 - mean_absolute_error: 2.4081
Epoch 11/20
 - 2484s - loss: 2.4077 - mean_absolute_error: 2.4077
Epoch 12/20
 - 2480s - loss: 2.4085 - mean_absolute_error: 2.4085
Epoch 13/20
 - 2483s - loss: 2.4118 - mean_absolute_error: 2.4118
Epoch 14/20
 - 2475s - loss: 2.4130 - mean_absolute_error: 2.4130
Epoch 15/20
 - 2483s - loss: 2.4079 - mean_absolute_error: 2.4079
Epoch 16/20
 - 2480s - loss: 2.4084 - mean_absolute_error: 2.4084
Epoch 17/20
 - 2482s - loss: 2.4071 - mean_absolute_error: 2.4071
Epoch 18/20
 - 2482s - loss: 2.4095 - mean_absolute_error: 2.4095
Epoch 19/20
 - 2481s - loss: 2.4083 - mean_absolute_error: 2.4083
Epoch 20/20
 - 2481s - loss: 2.4067 - mean_absolute_error: 2.4067
mean_absolute_error 2.413772647224374
Creating model...
Epoch 1/20
 - 2479s - loss: 2.7272 - mean_absolute_error: 2.7272
Epoch 2/20
 - 2480s - loss: 2.4800 - mean_absolute_error: 2.4800
Epoch 3/20
 - 2483s - loss: 2.4162 - mean_absolute_error: 2.4162
Epoch 4/20
 - 2480s - loss: 2.4145 - mean_absolute_error: 2.4145
Epoch 5/20
 - 2480s - loss: 2.4135 - mean_absolute_error: 2.4135
Epoch 6/20
 - 2481s - loss: 2.4091 - mean_absolute_error: 2.4091
Epoch 7/20
 - 2484s - loss: 2.4091 - mean_absolute_error: 2.4091
Epoch 8/20
 - 2479s - loss: 2.4144 - mean_absolute_error: 2.4144
Epoch 9/20
 - 2481s - loss: 2.4141 - mean_absolute_error: 2.4141
Epoch 10/20
 - 2480s - loss: 2.4097 - mean_absolute_error: 2.4097
Epoch 11/20
 - 2481s - loss: 2.4121 - mean_absolute_error: 2.4121
Epoch 12/20
 - 2486s - loss: 2.4079 - mean_absolute_error: 2.4079
Epoch 13/20
 - 2489s - loss: 2.4115 - mean_absolute_error: 2.4115
Epoch 14/20
 - 2481s - loss: 2.4101 - mean_absolute_error: 2.4101
Epoch 15/20
 - 2482s - loss: 2.4103 - mean_absolute_error: 2.4103
Epoch 16/20
 - 2485s - loss: 2.4096 - mean_absolute_error: 2.4096
Epoch 17/20
 - 2484s - loss: 2.4067 - mean_absolute_error: 2.4067
Epoch 18/20
 - 2481s - loss: 2.4083 - mean_absolute_error: 2.4083
Epoch 19/20
 - 2486s - loss: 2.4081 - mean_absolute_error: 2.4081
Epoch 20/20
 - 2486s - loss: 2.4104 - mean_absolute_error: 2.4104
mean_absolute_error 2.407313699022882
Mean:  2.41437972772431 Std:  0.0060325205665861786
Time:  49713.124946037926
