Shape: (48907, 5000)

KNeighborsRegressor
0 mea:  1.8136 558.72
1 mea:  1.8337 572.93
2 mea:  1.8904 566.97
3 mea:  1.9507 570.04
4 mea:  1.9873 568.18
5 mea:  1.939 571.79
6 mea:  1.9899 566.9
7 mea:  2.1529 569.19
8 mea:  2.2381 577.35
9 mea:  2.3249 571.66
MEA Mean:  2.0121 569.3727

LogisticRegression
0 mea:  2.8202 35.55
1 mea:  2.8108 39.89
2 mea:  2.8057 39.83
3 mea:  2.8073 39.74
4 mea:  2.8052 39.57
5 mea:  2.8056 39.48
6 mea:  2.7956 39.84
7 mea:  2.7962 39.74
8 mea:  2.7884 39.74
9 mea:  2.787 39.65
MEA Mean:  2.8022 39.303

LinearSVR
0 mea:  2.0218 2.02
1 mea:  1.9279 2.03
2 mea:  1.9293 2.02
3 mea:  1.9522 2.01
4 mea:  1.9862 2.04
5 mea:  2.0316 2.03
6 mea:  2.041 2.03
7 mea:  2.0919 2.03
8 mea:  2.1446 2.03
9 mea:  2.1698 2.02
MEA Mean:  2.0296 2.0256

RandomForestRegressor
0 mea:  1.1823 385.23
1 mea:  1.2646 406.5
2 mea:  1.2704 418.45
3 mea:  1.3743 403.71
4 mea:  1.4077 378.77
5 mea:  1.4397 400.15
6 mea:  1.5366 406.93
7 mea:  1.7388 401.59
8 mea:  1.8733 383.01
9 mea:  1.962 407.83
MEA Mean:  1.505 399.2178

{'KNeighborsRegressor': '2.0121, 569.3727', 'LogisticRegression': '2.8022, 39.303', 'LinearSVR': '2.0296, 2.0256', 'RandomForestRegressor': '1.505, 399.2178'}