model = Sequential()
model.add(embedding_layer)

model.add(Conv1D(128, 5, activation='linear'))

model.add(Flatten())

model.add(Dense(128, activation='linear'))
model.add(Dropout(0.5))    
model.add(Dense(1))
model.add(Activation('linear'))

model.compile(loss='mean_absolute_error', optimizer='sgd',metrics=['mae'])

Defining a RNN Model...
Data Shape (48907, 5000)
Weights (67806, 150)

Creating model... # 0
Epoch 1/20
44006/44006 [==============================] - 22s 506us/step - loss: 2.3343 - mean_absolute_error: 2.3343
Epoch 2/20
44006/44006 [==============================] - 20s 463us/step - loss: 2.2547 - mean_absolute_error: 2.2547
Epoch 3/20
44006/44006 [==============================] - 20s 463us/step - loss: 2.0716 - mean_absolute_error: 2.0716
Epoch 4/20
44006/44006 [==============================] - 20s 463us/step - loss: 1.9006 - mean_absolute_error: 1.9006
Epoch 5/20
44006/44006 [==============================] - 20s 463us/step - loss: 1.8174 - mean_absolute_error: 1.8174
Epoch 6/20
44006/44006 [==============================] - 20s 463us/step - loss: 1.7106 - mean_absolute_error: 1.7106
Epoch 7/20
44006/44006 [==============================] - 20s 464us/step - loss: 1.6777 - mean_absolute_error: 1.6777
Epoch 8/20
44006/44006 [==============================] - 20s 463us/step - loss: 1.6285 - mean_absolute_error: 1.6285
Epoch 9/20
44006/44006 [==============================] - 20s 464us/step - loss: 1.6040 - mean_absolute_error: 1.6040
Epoch 10/20
44006/44006 [==============================] - 20s 463us/step - loss: 1.5887 - mean_absolute_error: 1.5887
Epoch 11/20
44006/44006 [==============================] - 20s 463us/step - loss: 1.5663 - mean_absolute_error: 1.5663
Epoch 12/20
44006/44006 [==============================] - 20s 463us/step - loss: 1.5403 - mean_absolute_error: 1.5403
Epoch 13/20
44006/44006 [==============================] - 20s 463us/step - loss: 1.5266 - mean_absolute_error: 1.5266
Epoch 14/20
44006/44006 [==============================] - 20s 462us/step - loss: 1.5117 - mean_absolute_error: 1.5117
Epoch 15/20
44006/44006 [==============================] - 20s 463us/step - loss: 1.5122 - mean_absolute_error: 1.5122
Epoch 16/20
44006/44006 [==============================] - 20s 464us/step - loss: 1.4858 - mean_absolute_error: 1.4858
Epoch 17/20
44006/44006 [==============================] - 20s 463us/step - loss: 1.4644 - mean_absolute_error: 1.4644
Epoch 18/20
44006/44006 [==============================] - 20s 463us/step - loss: 1.4613 - mean_absolute_error: 1.4613
Epoch 19/20
44006/44006 [==============================] - 20s 463us/step - loss: 1.4433 - mean_absolute_error: 1.4433
Epoch 20/20
44006/44006 [==============================] - 20s 463us/step - loss: 1.4471 - mean_absolute_error: 1.4471
mean_absolute_error 1.566125338137381

Creating model... # 1
Epoch 1/20
44012/44012 [==============================] - 20s 463us/step - loss: 2.1466 - mean_absolute_error: 2.1466
Epoch 2/20
44012/44012 [==============================] - 20s 452us/step - loss: 1.6995 - mean_absolute_error: 1.6995
Epoch 3/20
44012/44012 [==============================] - 20s 452us/step - loss: 1.5967 - mean_absolute_error: 1.5967
Epoch 4/20
44012/44012 [==============================] - 20s 451us/step - loss: 1.5385 - mean_absolute_error: 1.5385
Epoch 5/20
44012/44012 [==============================] - 20s 451us/step - loss: 1.5059 - mean_absolute_error: 1.5059
Epoch 6/20
44012/44012 [==============================] - 20s 451us/step - loss: 1.4891 - mean_absolute_error: 1.4891
Epoch 7/20
44012/44012 [==============================] - 20s 451us/step - loss: 1.4679 - mean_absolute_error: 1.4679
Epoch 8/20
44012/44012 [==============================] - 20s 452us/step - loss: 1.4468 - mean_absolute_error: 1.4468
Epoch 9/20
44012/44012 [==============================] - 20s 454us/step - loss: 1.4352 - mean_absolute_error: 1.4352
Epoch 10/20
44012/44012 [==============================] - 20s 454us/step - loss: 1.4297 - mean_absolute_error: 1.4297
Epoch 11/20
44012/44012 [==============================] - 20s 452us/step - loss: 1.5871 - mean_absolute_error: 1.5871
Epoch 12/20
44012/44012 [==============================] - 20s 451us/step - loss: 1.4137 - mean_absolute_error: 1.4137
Epoch 13/20
44012/44012 [==============================] - 20s 451us/step - loss: 1.4014 - mean_absolute_error: 1.4014
Epoch 14/20
44012/44012 [==============================] - 20s 451us/step - loss: 1.3971 - mean_absolute_error: 1.3971
Epoch 15/20
44012/44012 [==============================] - 20s 451us/step - loss: 1.3845 - mean_absolute_error: 1.3845
Epoch 16/20
44012/44012 [==============================] - 20s 453us/step - loss: 1.3804 - mean_absolute_error: 1.3804
Epoch 17/20
44012/44012 [==============================] - 20s 452us/step - loss: 1.5216 - mean_absolute_error: 1.5216
Epoch 18/20
44012/44012 [==============================] - 20s 451us/step - loss: 1.3638 - mean_absolute_error: 1.3638
Epoch 19/20
44012/44012 [==============================] - 20s 451us/step - loss: 1.3576 - mean_absolute_error: 1.3576
Epoch 20/20
44012/44012 [==============================] - 20s 451us/step - loss: 1.3539 - mean_absolute_error: 1.3539
mean_absolute_error 1.3247792250289372

Creating model... # 2
Epoch 1/20
44013/44013 [==============================] - 21s 474us/step - loss: 2.2415 - mean_absolute_error: 2.2415
Epoch 2/20
44013/44013 [==============================] - 20s 462us/step - loss: 1.6830 - mean_absolute_error: 1.6830
Epoch 3/20
44013/44013 [==============================] - 20s 463us/step - loss: 1.5131 - mean_absolute_error: 1.5131
Epoch 4/20
44013/44013 [==============================] - 20s 463us/step - loss: 1.4693 - mean_absolute_error: 1.4693
Epoch 5/20
44013/44013 [==============================] - 20s 463us/step - loss: 1.4399 - mean_absolute_error: 1.4399
Epoch 6/20
44013/44013 [==============================] - 20s 462us/step - loss: 1.4123 - mean_absolute_error: 1.4123
Epoch 7/20
44013/44013 [==============================] - 20s 463us/step - loss: 1.4125 - mean_absolute_error: 1.4125
Epoch 8/20
44013/44013 [==============================] - 20s 462us/step - loss: 1.3951 - mean_absolute_error: 1.3951
Epoch 9/20
44013/44013 [==============================] - 20s 462us/step - loss: 1.3913 - mean_absolute_error: 1.3913
Epoch 10/20
44013/44013 [==============================] - 20s 462us/step - loss: 1.3703 - mean_absolute_error: 1.3703
Epoch 11/20
44013/44013 [==============================] - 20s 462us/step - loss: 1.3698 - mean_absolute_error: 1.3698
Epoch 12/20
44013/44013 [==============================] - 20s 462us/step - loss: 1.3566 - mean_absolute_error: 1.3566
Epoch 13/20
44013/44013 [==============================] - 20s 463us/step - loss: 1.3560 - mean_absolute_error: 1.3560
Epoch 14/20
44013/44013 [==============================] - 20s 465us/step - loss: 1.3497 - mean_absolute_error: 1.3497
Epoch 15/20
44013/44013 [==============================] - 20s 462us/step - loss: 1.3394 - mean_absolute_error: 1.3394
Epoch 16/20
44013/44013 [==============================] - 20s 463us/step - loss: 1.3307 - mean_absolute_error: 1.3307
Epoch 17/20
44013/44013 [==============================] - 20s 462us/step - loss: 1.3279 - mean_absolute_error: 1.3279
Epoch 18/20
44013/44013 [==============================] - 20s 462us/step - loss: 1.3163 - mean_absolute_error: 1.3163
Epoch 19/20
44013/44013 [==============================] - 20s 464us/step - loss: 1.3164 - mean_absolute_error: 1.3164
Epoch 20/20
44013/44013 [==============================] - 20s 462us/step - loss: 1.3079 - mean_absolute_error: 1.3079
mean_absolute_error 1.4441844980522813

